[debug] [2023-03-30T06:10:52.412Z] ----------------------------------------------------------------------
[debug] [2023-03-30T06:10:52.414Z] Command:       C:\Program Files\nodejs\node.exe C:\Users\Administrator\AppData\Roaming\npm\node_modules\firebase-tools\lib\bin\firebase.js init functions
[debug] [2023-03-30T06:10:52.415Z] CLI Version:   11.25.2
[debug] [2023-03-30T06:10:52.415Z] Platform:      win32
[debug] [2023-03-30T06:10:52.415Z] Node Version:  v18.15.0
[debug] [2023-03-30T06:10:52.416Z] Time:          Thu Mar 30 2023 11:10:52 GMT+0500 (Pakistan Standard Time)
[debug] [2023-03-30T06:10:52.417Z] ----------------------------------------------------------------------
[debug] 
[debug] [2023-03-30T06:10:52.511Z] > command requires scopes: ["email","openid","https://www.googleapis.com/auth/cloudplatformprojects.readonly","https://www.googleapis.com/auth/firebase","https://www.googleapis.com/auth/cloud-platform"]
[debug] [2023-03-30T06:10:52.512Z] > authorizing via signed-in user (flnamecr7@gmail.com)
[info] 
     ######## #### ########  ######## ########     ###     ######  ########
     ##        ##  ##     ## ##       ##     ##  ##   ##  ##       ##
     ######    ##  ########  ######   ########  #########  ######  ######
     ##        ##  ##    ##  ##       ##     ## ##     ##       ## ##
     ##       #### ##     ## ######## ########  ##     ##  ######  ########

You're about to initialize a Firebase project in this directory:

  C:\Users\Administrator\Desktop\Practice React\chat-app

Before we get started, keep in mind:

  * You are initializing within an existing Firebase project directory

[info] 
=== Project Setup
[info] 
[info] First, let's associate this project directory with a Firebase project.
[info] You can create multiple project aliases by running firebase use --add, 
[info] but for now we'll just set up a default project.
[info] 
[debug] [2023-03-30T06:10:58.412Z] >>> [apiv2][query] GET https://firebase.googleapis.com/v1beta1/projects pageSize=100
[debug] [2023-03-30T06:10:59.291Z] <<< [apiv2][status] GET https://firebase.googleapis.com/v1beta1/projects 200
[debug] [2023-03-30T06:10:59.292Z] <<< [apiv2][body] GET https://firebase.googleapis.com/v1beta1/projects [omitted]
[info] i  Using project chat-app-a4282 (chat-app) 
[info] 
=== Functions Setup
[debug] [2023-03-30T06:11:01.332Z] > command requires scopes: ["email","openid","https://www.googleapis.com/auth/cloudplatformprojects.readonly","https://www.googleapis.com/auth/firebase","https://www.googleapis.com/auth/cloud-platform"]
[debug] [2023-03-30T06:11:01.332Z] > authorizing via signed-in user (flnamecr7@gmail.com)
[debug] [2023-03-30T06:11:01.332Z] [iam] checking project chat-app-a4282 for permissions ["firebase.projects.get"]
[debug] [2023-03-30T06:11:01.333Z] >>> [apiv2][query] POST https://cloudresourcemanager.googleapis.com/v1/projects/chat-app-a4282:testIamPermissions [none]
[debug] [2023-03-30T06:11:01.333Z] >>> [apiv2][(partial)header] POST https://cloudresourcemanager.googleapis.com/v1/projects/chat-app-a4282:testIamPermissions x-goog-quota-user=projects/chat-app-a4282
[debug] [2023-03-30T06:11:01.333Z] >>> [apiv2][body] POST https://cloudresourcemanager.googleapis.com/v1/projects/chat-app-a4282:testIamPermissions {"permissions":["firebase.projects.get"]}
[debug] [2023-03-30T06:11:02.886Z] <<< [apiv2][status] POST https://cloudresourcemanager.googleapis.com/v1/projects/chat-app-a4282:testIamPermissions 200
[debug] [2023-03-30T06:11:02.887Z] <<< [apiv2][body] POST https://cloudresourcemanager.googleapis.com/v1/projects/chat-app-a4282:testIamPermissions {"permissions":["firebase.projects.get"]}
[debug] [2023-03-30T06:11:02.888Z] >>> [apiv2][query] GET https://serviceusage.googleapis.com/v1/projects/chat-app-a4282/services/cloudfunctions.googleapis.com [none]
[debug] [2023-03-30T06:11:02.888Z] >>> [apiv2][(partial)header] GET https://serviceusage.googleapis.com/v1/projects/chat-app-a4282/services/cloudfunctions.googleapis.com x-goog-quota-user=projects/chat-app-a4282
[debug] [2023-03-30T06:11:02.890Z] >>> [apiv2][query] GET https://serviceusage.googleapis.com/v1/projects/chat-app-a4282/services/runtimeconfig.googleapis.com [none]
[debug] [2023-03-30T06:11:02.890Z] >>> [apiv2][(partial)header] GET https://serviceusage.googleapis.com/v1/projects/chat-app-a4282/services/runtimeconfig.googleapis.com x-goog-quota-user=projects/chat-app-a4282
[debug] [2023-03-30T06:11:04.742Z] <<< [apiv2][status] GET https://serviceusage.googleapis.com/v1/projects/chat-app-a4282/services/runtimeconfig.googleapis.com 200
[debug] [2023-03-30T06:11:04.743Z] <<< [apiv2][body] GET https://serviceusage.googleapis.com/v1/projects/chat-app-a4282/services/runtimeconfig.googleapis.com [omitted]
[debug] [2023-03-30T06:11:04.747Z] <<< [apiv2][status] GET https://serviceusage.googleapis.com/v1/projects/chat-app-a4282/services/cloudfunctions.googleapis.com 200
[debug] [2023-03-30T06:11:04.748Z] <<< [apiv2][body] GET https://serviceusage.googleapis.com/v1/projects/chat-app-a4282/services/cloudfunctions.googleapis.com [omitted]
[debug] [2023-03-30T06:11:04.750Z] >>> [apiv2][query] POST https://serviceusage.googleapis.com/v1/projects/chat-app-a4282/services/cloudfunctions.googleapis.com:enable [none]
[debug] [2023-03-30T06:11:04.750Z] >>> [apiv2][(partial)header] POST https://serviceusage.googleapis.com/v1/projects/chat-app-a4282/services/cloudfunctions.googleapis.com:enable x-goog-quota-user=projects/chat-app-a4282
[debug] [2023-03-30T06:11:06.961Z] <<< [apiv2][status] POST https://serviceusage.googleapis.com/v1/projects/chat-app-a4282/services/cloudfunctions.googleapis.com:enable 200
[debug] [2023-03-30T06:11:06.961Z] <<< [apiv2][body] POST https://serviceusage.googleapis.com/v1/projects/chat-app-a4282/services/cloudfunctions.googleapis.com:enable [omitted]
[debug] [2023-03-30T06:11:16.975Z] >>> [apiv2][query] GET https://serviceusage.googleapis.com/v1/projects/chat-app-a4282/services/cloudfunctions.googleapis.com [none]
[debug] [2023-03-30T06:11:16.976Z] >>> [apiv2][(partial)header] GET https://serviceusage.googleapis.com/v1/projects/chat-app-a4282/services/cloudfunctions.googleapis.com x-goog-quota-user=projects/chat-app-a4282
[debug] [2023-03-30T06:11:18.743Z] <<< [apiv2][status] GET https://serviceusage.googleapis.com/v1/projects/chat-app-a4282/services/cloudfunctions.googleapis.com 200
[debug] [2023-03-30T06:11:18.744Z] <<< [apiv2][body] GET https://serviceusage.googleapis.com/v1/projects/chat-app-a4282/services/cloudfunctions.googleapis.com [omitted]
[info] Let's create a new codebase for your functions.
[info] A directory corresponding to the codebase will be created in your project
[info] with sample code pre-configured.

[info] See https://firebase.google.com/docs/functions/organize-functions for
[info] more information on organizing your functions using codebases.

[info] Functions can be deployed with firebase deploy.

[info] +  Wrote functions/package.json 
[info] +  Wrote functions/.eslintrc.js 
[info] +  Wrote functions/index.js 
[info] +  Wrote functions/.gitignore 
